This is pdfTeX, Version 3.14159265-2.6-1.40.16 (MiKTeX 2.9 64-bit) (preloaded format=pdflatex 2015.10.16)  21 AUG 2016 15:40
entering extended mode
**thesis.tex
(thesis.tex
LaTeX2e <2015/01/01> patch level 2
Babel <3.9m> and hyphenation patterns for 69 languages loaded.
(Classes/uitBA.cls

LaTeX Warning: You have requested document class `Classes/uitBA',
               but the document class provides `CUEDthesisPSnPDF'.

Document Class: CUEDthesisPSnPDF 2010/07/14 v1.1 CUED thesis class
("C:\Program Files\MiKTeX 2.9\tex\latex\base\book.cls"
Document Class: book 2014/09/29 v1.4h Standard LaTeX document class
("C:\Program Files\MiKTeX 2.9\tex\latex\base\bk12.clo"
File: bk12.clo 2014/09/29 v1.4h Standard LaTeX file (size option)
)
\c@part=\count79
\c@chapter=\count80
\c@section=\count81
\c@subsection=\count82
\c@subsubsection=\count83
\c@paragraph=\count84
\c@subparagraph=\count85
\c@figure=\count86
\c@table=\count87
\abovecaptionskip=\skip41
\belowcaptionskip=\skip42
\bibindent=\dimen102
)
("C:\Program Files\MiKTeX 2.9\tex\latex\setspace\setspace.sty"
Package: setspace 2011/12/19 v6.7a set line spacing
)
("C:\Program Files\MiKTeX 2.9\tex\latex\tocbibind\tocbibind.sty"
Package: tocbibind 2010/10/13 v1.5k extra ToC listings
Package tocbibind Info: The document has chapter divisions on input line 50.


Package tocbibind Note: Using chapter style headings, unless overridden.

) ("C:\Program Files\MiKTeX 2.9\tex\latex\amsfonts\amssymb.sty"
Package: amssymb 2013/01/14 v3.01 AMS font symbols

("C:\Program Files\MiKTeX 2.9\tex\latex\amsfonts\amsfonts.sty"
Package: amsfonts 2013/01/14 v3.01 Basic AMSFonts support
\@emptytoks=\toks14
\symAMSa=\mathgroup4
\symAMSb=\mathgroup5
LaTeX Font Info:    Overwriting math alphabet `\mathfrak' in version `bold'
(Font)                  U/euf/m/n --> U/euf/b/n on input line 106.
))
("C:\Program Files\MiKTeX 2.9\tex\latex\caption\subcaption.sty"
Package: subcaption 2016/05/22 v1.1-161 Sub-captions (AR)

("C:\Program Files\MiKTeX 2.9\tex\latex\caption\caption.sty"
Package: caption 2016/02/21 v3.3-144 Customizing captions (AR)

("C:\Program Files\MiKTeX 2.9\tex\latex\caption\caption3.sty"
Package: caption3 2016/05/22 v1.7-166 caption3 kernel (AR)
Package caption3 Info: TeX engine: e-TeX on input line 67.

("C:\Program Files\MiKTeX 2.9\tex\latex\graphics\keyval.sty"
Package: keyval 2014/10/28 v1.15 key=value parser (DPC)
\KV@toks@=\toks15
)
\captionmargin=\dimen103
\captionmargin@=\dimen104
\captionwidth=\dimen105
\caption@tempdima=\dimen106
\caption@indent=\dimen107
\caption@parindent=\dimen108
\caption@hangindent=\dimen109
)
\c@ContinuedFloat=\count88
)
\c@subfigure=\count89
\c@subtable=\count90
)
("C:\Program Files\MiKTeX 2.9\tex\latex\fancyhdr\fancyhdr.sty"
\fancy@headwidth=\skip43
\f@ncyO@elh=\skip44
\f@ncyO@erh=\skip45
\f@ncyO@olh=\skip46
\f@ncyO@orh=\skip47
\f@ncyO@elf=\skip48
\f@ncyO@erf=\skip49
\f@ncyO@olf=\skip50
\f@ncyO@orf=\skip51
)
("C:\Program Files\MiKTeX 2.9\tex\latex\amsfonts\eucal.sty"
Package: eucal 2009/06/22 v3.00 Euler Script fonts
LaTeX Font Info:    Overwriting math alphabet `\EuScript' in version `bold'
(Font)                  U/eus/m/n --> U/eus/b/n on input line 33.
)
("C:\Program Files\MiKTeX 2.9\tex\latex\graphics\color.sty"
Package: color 2014/10/28 v1.1a Standard LaTeX Color (DPC)

("C:\Program Files\MiKTeX 2.9\tex\latex\00miktex\color.cfg"
File: color.cfg 2007/01/18 v1.5 color configuration of teTeX/TeXLive
)
Package color Info: Driver file: pdftex.def on input line 142.

("C:\Program Files\MiKTeX 2.9\tex\latex\pdftex-def\pdftex.def"
File: pdftex.def 2011/05/27 v0.06d Graphics/color for pdfTeX

("C:\Program Files\MiKTeX 2.9\tex\generic\oberdiek\infwarerr.sty"
Package: infwarerr 2010/04/08 v1.3 Providing info/warning/error messages (HO)
)
("C:\Program Files\MiKTeX 2.9\tex\generic\oberdiek\ltxcmds.sty"
Package: ltxcmds 2011/11/09 v1.22 LaTeX kernel commands for general use (HO)
)
\Gread@gobject=\count91
)
("C:\Program Files\MiKTeX 2.9\tex\latex\graphics\dvipsnam.def"
File: dvipsnam.def 2014/10/14 v3.0j Driver-dependent file (DPC,SPQR)
))
("C:\Program Files\MiKTeX 2.9\tex\latex\footmisc\footmisc.sty"
Package: footmisc 2011/06/06 v5.5b a miscellany of footnote facilities
\FN@temptoken=\toks16
\footnotemargin=\dimen110
\c@pp@next@reset=\count92
\c@@fnserial=\count93
Package footmisc Info: Declaring symbol style bringhurst on input line 855.
Package footmisc Info: Declaring symbol style chicago on input line 863.
Package footmisc Info: Declaring symbol style wiley on input line 872.
Package footmisc Info: Declaring symbol style lamport-robust on input line 883.

Package footmisc Info: Declaring symbol style lamport* on input line 903.
Package footmisc Info: Declaring symbol style lamport*-robust on input line 924
.
)
("C:\Program Files\MiKTeX 2.9\tex\latex\base\ifthen.sty"
Package: ifthen 2014/09/29 v1.1c Standard LaTeX ifthen package (DPC)
)
("C:\Program Files\MiKTeX 2.9\tex\generic\oberdiek\ifpdf.sty"
Package: ifpdf 2011/01/30 v2.3 Provides the ifpdf switch (HO)
Package ifpdf Info: pdfTeX in PDF mode is detected.
)
("C:\Program Files\MiKTeX 2.9\tex\generic\oberdiek\hologo.sty"
Package: hologo 2012/04/26 v1.10 A logo collection with bookmark support (HO)

("C:\Program Files\MiKTeX 2.9\tex\generic\oberdiek\kvsetkeys.sty"
Package: kvsetkeys 2012/04/25 v1.16 Key value parser (HO)

("C:\Program Files\MiKTeX 2.9\tex\generic\oberdiek\etexcmds.sty"
Package: etexcmds 2011/02/16 v1.5 Avoid name clashes with e-TeX commands (HO)

("C:\Program Files\MiKTeX 2.9\tex\generic\oberdiek\ifluatex.sty"
Package: ifluatex 2010/03/01 v1.3 Provides the ifluatex switch (HO)
Package ifluatex Info: LuaTeX not detected.
)
Package etexcmds Info: Could not find \expanded.
(etexcmds)             That can mean that you are not using pdfTeX 1.50 or
(etexcmds)             that some package has redefined \expanded.
(etexcmds)             In the latter case, load this package earlier.
))
("C:\Program Files\MiKTeX 2.9\tex\generic\oberdiek\kvdefinekeys.sty"
Package: kvdefinekeys 2011/04/07 v1.3 Define keys (HO)
)
("C:\Program Files\MiKTeX 2.9\tex\generic\oberdiek\pdftexcmds.sty"
Package: pdftexcmds 2011/11/29 v0.20 Utility functions of pdfTeX for LuaTeX (HO
)
Package pdftexcmds Info: LuaTeX not detected.
Package pdftexcmds Info: \pdf@primitive is available.
Package pdftexcmds Info: \pdf@ifprimitive is available.
Package pdftexcmds Info: \pdfdraftmode found.
)
("C:\Program Files\MiKTeX 2.9\tex\generic\ifxetex\ifxetex.sty"
Package: ifxetex 2010/09/12 v0.6 Provides ifxetex conditional
)
("C:\Program Files\MiKTeX 2.9\tex\generic\oberdiek\ifvtex.sty"
Package: ifvtex 2010/03/01 v1.5 Detect VTeX and its facilities (HO)
Package ifvtex Info: VTeX not detected.
)
("C:\Program Files\MiKTeX 2.9\tex\latex\oberdiek\kvoptions.sty"
Package: kvoptions 2011/06/30 v3.11 Key value format for package options (HO)
)
Package hologo Info: Using driver `pdftex'.
)
("C:\Program Files\MiKTeX 2.9\tex\latex\base\inputenc.sty"
Package: inputenc 2015/03/17 v1.2c Input encoding file
\inpenc@prehook=\toks17
\inpenc@posthook=\toks18

("C:\Program Files\MiKTeX 2.9\tex\latex\base\utf8.def"
File: utf8.def 2015/06/27 v1.1n UTF-8 support for inputenc
Now handling font encoding OML ...
... no UTF-8 mapping file for font encoding OML
Now handling font encoding T1 ...
... processing UTF-8 mapping file for font encoding T1

("C:\Program Files\MiKTeX 2.9\tex\latex\base\t1enc.dfu"
File: t1enc.dfu 2015/06/27 v1.1n UTF-8 support for inputenc
   defining Unicode char U+00A1 (decimal 161)
   defining Unicode char U+00A3 (decimal 163)
   defining Unicode char U+00AB (decimal 171)
   defining Unicode char U+00BB (decimal 187)
   defining Unicode char U+00BF (decimal 191)
   defining Unicode char U+00C0 (decimal 192)
   defining Unicode char U+00C1 (decimal 193)
   defining Unicode char U+00C2 (decimal 194)
   defining Unicode char U+00C3 (decimal 195)
   defining Unicode char U+00C4 (decimal 196)
   defining Unicode char U+00C5 (decimal 197)
   defining Unicode char U+00C6 (decimal 198)
   defining Unicode char U+00C7 (decimal 199)
   defining Unicode char U+00C8 (decimal 200)
   defining Unicode char U+00C9 (decimal 201)
   defining Unicode char U+00CA (decimal 202)
   defining Unicode char U+00CB (decimal 203)
   defining Unicode char U+00CC (decimal 204)
   defining Unicode char U+00CD (decimal 205)
   defining Unicode char U+00CE (decimal 206)
   defining Unicode char U+00CF (decimal 207)
   defining Unicode char U+00D0 (decimal 208)
   defining Unicode char U+00D1 (decimal 209)
   defining Unicode char U+00D2 (decimal 210)
   defining Unicode char U+00D3 (decimal 211)
   defining Unicode char U+00D4 (decimal 212)
   defining Unicode char U+00D5 (decimal 213)
   defining Unicode char U+00D6 (decimal 214)
   defining Unicode char U+00D8 (decimal 216)
   defining Unicode char U+00D9 (decimal 217)
   defining Unicode char U+00DA (decimal 218)
   defining Unicode char U+00DB (decimal 219)
   defining Unicode char U+00DC (decimal 220)
   defining Unicode char U+00DD (decimal 221)
   defining Unicode char U+00DE (decimal 222)
   defining Unicode char U+00DF (decimal 223)
   defining Unicode char U+00E0 (decimal 224)
   defining Unicode char U+00E1 (decimal 225)
   defining Unicode char U+00E2 (decimal 226)
   defining Unicode char U+00E3 (decimal 227)
   defining Unicode char U+00E4 (decimal 228)
   defining Unicode char U+00E5 (decimal 229)
   defining Unicode char U+00E6 (decimal 230)
   defining Unicode char U+00E7 (decimal 231)
   defining Unicode char U+00E8 (decimal 232)
   defining Unicode char U+00E9 (decimal 233)
   defining Unicode char U+00EA (decimal 234)
   defining Unicode char U+00EB (decimal 235)
   defining Unicode char U+00EC (decimal 236)
   defining Unicode char U+00ED (decimal 237)
   defining Unicode char U+00EE (decimal 238)
   defining Unicode char U+00EF (decimal 239)
   defining Unicode char U+00F0 (decimal 240)
   defining Unicode char U+00F1 (decimal 241)
   defining Unicode char U+00F2 (decimal 242)
   defining Unicode char U+00F3 (decimal 243)
   defining Unicode char U+00F4 (decimal 244)
   defining Unicode char U+00F5 (decimal 245)
   defining Unicode char U+00F6 (decimal 246)
   defining Unicode char U+00F8 (decimal 248)
   defining Unicode char U+00F9 (decimal 249)
   defining Unicode char U+00FA (decimal 250)
   defining Unicode char U+00FB (decimal 251)
   defining Unicode char U+00FC (decimal 252)
   defining Unicode char U+00FD (decimal 253)
   defining Unicode char U+00FE (decimal 254)
   defining Unicode char U+00FF (decimal 255)
   defining Unicode char U+0102 (decimal 258)
   defining Unicode char U+0103 (decimal 259)
   defining Unicode char U+0104 (decimal 260)
   defining Unicode char U+0105 (decimal 261)
   defining Unicode char U+0106 (decimal 262)
   defining Unicode char U+0107 (decimal 263)
   defining Unicode char U+010C (decimal 268)
   defining Unicode char U+010D (decimal 269)
   defining Unicode char U+010E (decimal 270)
   defining Unicode char U+010F (decimal 271)
   defining Unicode char U+0110 (decimal 272)
   defining Unicode char U+0111 (decimal 273)
   defining Unicode char U+0118 (decimal 280)
   defining Unicode char U+0119 (decimal 281)
   defining Unicode char U+011A (decimal 282)
   defining Unicode char U+011B (decimal 283)
   defining Unicode char U+011E (decimal 286)
   defining Unicode char U+011F (decimal 287)
   defining Unicode char U+0130 (decimal 304)
   defining Unicode char U+0131 (decimal 305)
   defining Unicode char U+0132 (decimal 306)
   defining Unicode char U+0133 (decimal 307)
   defining Unicode char U+0139 (decimal 313)
   defining Unicode char U+013A (decimal 314)
   defining Unicode char U+013D (decimal 317)
   defining Unicode char U+013E (decimal 318)
   defining Unicode char U+0141 (decimal 321)
   defining Unicode char U+0142 (decimal 322)
   defining Unicode char U+0143 (decimal 323)
   defining Unicode char U+0144 (decimal 324)
   defining Unicode char U+0147 (decimal 327)
   defining Unicode char U+0148 (decimal 328)
   defining Unicode char U+014A (decimal 330)
   defining Unicode char U+014B (decimal 331)
   defining Unicode char U+0150 (decimal 336)
   defining Unicode char U+0151 (decimal 337)
   defining Unicode char U+0152 (decimal 338)
   defining Unicode char U+0153 (decimal 339)
   defining Unicode char U+0154 (decimal 340)
   defining Unicode char U+0155 (decimal 341)
   defining Unicode char U+0158 (decimal 344)
   defining Unicode char U+0159 (decimal 345)
   defining Unicode char U+015A (decimal 346)
   defining Unicode char U+015B (decimal 347)
   defining Unicode char U+015E (decimal 350)
   defining Unicode char U+015F (decimal 351)
   defining Unicode char U+0160 (decimal 352)
   defining Unicode char U+0161 (decimal 353)
   defining Unicode char U+0162 (decimal 354)
   defining Unicode char U+0163 (decimal 355)
   defining Unicode char U+0164 (decimal 356)
   defining Unicode char U+0165 (decimal 357)
   defining Unicode char U+016E (decimal 366)
   defining Unicode char U+016F (decimal 367)
   defining Unicode char U+0170 (decimal 368)
   defining Unicode char U+0171 (decimal 369)
   defining Unicode char U+0178 (decimal 376)
   defining Unicode char U+0179 (decimal 377)
   defining Unicode char U+017A (decimal 378)
   defining Unicode char U+017B (decimal 379)
   defining Unicode char U+017C (decimal 380)
   defining Unicode char U+017D (decimal 381)
   defining Unicode char U+017E (decimal 382)
   defining Unicode char U+200C (decimal 8204)
   defining Unicode char U+2013 (decimal 8211)
   defining Unicode char U+2014 (decimal 8212)
   defining Unicode char U+2018 (decimal 8216)
   defining Unicode char U+2019 (decimal 8217)
   defining Unicode char U+201A (decimal 8218)
   defining Unicode char U+201C (decimal 8220)
   defining Unicode char U+201D (decimal 8221)
   defining Unicode char U+201E (decimal 8222)
   defining Unicode char U+2030 (decimal 8240)
   defining Unicode char U+2031 (decimal 8241)
   defining Unicode char U+2039 (decimal 8249)
   defining Unicode char U+203A (decimal 8250)
   defining Unicode char U+2423 (decimal 9251)
)
Now handling font encoding OT1 ...
... processing UTF-8 mapping file for font encoding OT1

("C:\Program Files\MiKTeX 2.9\tex\latex\base\ot1enc.dfu"
File: ot1enc.dfu 2015/06/27 v1.1n UTF-8 support for inputenc
   defining Unicode char U+00A1 (decimal 161)
   defining Unicode char U+00A3 (decimal 163)
   defining Unicode char U+00B8 (decimal 184)
   defining Unicode char U+00BF (decimal 191)
   defining Unicode char U+00C5 (decimal 197)
   defining Unicode char U+00C6 (decimal 198)
   defining Unicode char U+00D8 (decimal 216)
   defining Unicode char U+00DF (decimal 223)
   defining Unicode char U+00E6 (decimal 230)
   defining Unicode char U+00EC (decimal 236)
   defining Unicode char U+00ED (decimal 237)
   defining Unicode char U+00EE (decimal 238)
   defining Unicode char U+00EF (decimal 239)
   defining Unicode char U+00F8 (decimal 248)
   defining Unicode char U+0131 (decimal 305)
   defining Unicode char U+0141 (decimal 321)
   defining Unicode char U+0142 (decimal 322)
   defining Unicode char U+0152 (decimal 338)
   defining Unicode char U+0153 (decimal 339)
   defining Unicode char U+2013 (decimal 8211)
   defining Unicode char U+2014 (decimal 8212)
   defining Unicode char U+2018 (decimal 8216)
   defining Unicode char U+2019 (decimal 8217)
   defining Unicode char U+201C (decimal 8220)
   defining Unicode char U+201D (decimal 8221)
)
Now handling font encoding OMS ...
... processing UTF-8 mapping file for font encoding OMS

("C:\Program Files\MiKTeX 2.9\tex\latex\base\omsenc.dfu"
File: omsenc.dfu 2015/06/27 v1.1n UTF-8 support for inputenc
   defining Unicode char U+00A7 (decimal 167)
   defining Unicode char U+00B6 (decimal 182)
   defining Unicode char U+00B7 (decimal 183)
   defining Unicode char U+2020 (decimal 8224)
   defining Unicode char U+2021 (decimal 8225)
   defining Unicode char U+2022 (decimal 8226)
)
Now handling font encoding OMX ...
... no UTF-8 mapping file for font encoding OMX
Now handling font encoding U ...
... no UTF-8 mapping file for font encoding U
   defining Unicode char U+00A9 (decimal 169)
   defining Unicode char U+00AA (decimal 170)
   defining Unicode char U+00AE (decimal 174)
   defining Unicode char U+00BA (decimal 186)
   defining Unicode char U+02C6 (decimal 710)
   defining Unicode char U+02DC (decimal 732)
   defining Unicode char U+200C (decimal 8204)
   defining Unicode char U+2026 (decimal 8230)
   defining Unicode char U+2122 (decimal 8482)
   defining Unicode char U+2423 (decimal 9251)
))
("C:\Program Files\MiKTeX 2.9\tex\latex\vntex\vntex.sty"
Package: vntex 2009/07/12 v1.1 support for Vietnamese

("C:\Program Files\MiKTeX 2.9\tex\latex\base\fontenc.sty"
Package: fontenc 2005/09/27 v1.99g Standard LaTeX package

("C:\Program Files\MiKTeX 2.9\tex\latex\vntex\t5enc.def"
File: t5enc.def 2006/11/21 v1.4 Vietnamese T5 encoding
Now handling font encoding T5 ...
... processing UTF-8 mapping file for font encoding T5

("C:\Program Files\MiKTeX 2.9\tex\latex\vntex\t5enc.dfu"
File: t5enc.dfu 2006/08/19 v1.1 UTF8 support for Vietnamese
   defining Unicode char U+00AB (decimal 171)
   defining Unicode char U+00BB (decimal 187)
   defining Unicode char U+00C0 (decimal 192)
   defining Unicode char U+00C1 (decimal 193)
   defining Unicode char U+00C2 (decimal 194)
   defining Unicode char U+00C3 (decimal 195)
   defining Unicode char U+00C8 (decimal 200)
   defining Unicode char U+00C9 (decimal 201)
   defining Unicode char U+00CA (decimal 202)
   defining Unicode char U+00CC (decimal 204)
   defining Unicode char U+00CD (decimal 205)
   defining Unicode char U+00D2 (decimal 210)
   defining Unicode char U+00D3 (decimal 211)
   defining Unicode char U+00D4 (decimal 212)
   defining Unicode char U+00D5 (decimal 213)
   defining Unicode char U+00D9 (decimal 217)
   defining Unicode char U+00DA (decimal 218)
   defining Unicode char U+00DD (decimal 221)
   defining Unicode char U+00E0 (decimal 224)
   defining Unicode char U+00E1 (decimal 225)
   defining Unicode char U+00E2 (decimal 226)
   defining Unicode char U+00E3 (decimal 227)
   defining Unicode char U+00E8 (decimal 232)
   defining Unicode char U+00E9 (decimal 233)
   defining Unicode char U+00EA (decimal 234)
   defining Unicode char U+00EC (decimal 236)
   defining Unicode char U+00ED (decimal 237)
   defining Unicode char U+00F2 (decimal 242)
   defining Unicode char U+00F3 (decimal 243)
   defining Unicode char U+00F4 (decimal 244)
   defining Unicode char U+00F5 (decimal 245)
   defining Unicode char U+00F9 (decimal 249)
   defining Unicode char U+00FA (decimal 250)
   defining Unicode char U+00FD (decimal 253)
   defining Unicode char U+0102 (decimal 258)
   defining Unicode char U+0103 (decimal 259)
   defining Unicode char U+0110 (decimal 272)
   defining Unicode char U+0111 (decimal 273)
   defining Unicode char U+0128 (decimal 296)
   defining Unicode char U+0129 (decimal 297)
   defining Unicode char U+0131 (decimal 305)
   defining Unicode char U+0168 (decimal 360)
   defining Unicode char U+0169 (decimal 361)
   defining Unicode char U+01A0 (decimal 416)
   defining Unicode char U+01A1 (decimal 417)
   defining Unicode char U+01AF (decimal 431)
   defining Unicode char U+01B0 (decimal 432)
   defining Unicode char U+1EA0 (decimal 7840)
   defining Unicode char U+1EA1 (decimal 7841)
   defining Unicode char U+1EA2 (decimal 7842)
   defining Unicode char U+1EA3 (decimal 7843)
   defining Unicode char U+1EA4 (decimal 7844)
   defining Unicode char U+1EA5 (decimal 7845)
   defining Unicode char U+1EA6 (decimal 7846)
   defining Unicode char U+1EA7 (decimal 7847)
   defining Unicode char U+1EA8 (decimal 7848)
   defining Unicode char U+1EA9 (decimal 7849)
   defining Unicode char U+1EAA (decimal 7850)
   defining Unicode char U+1EAB (decimal 7851)
   defining Unicode char U+1EAC (decimal 7852)
   defining Unicode char U+1EAD (decimal 7853)
   defining Unicode char U+1EAE (decimal 7854)
   defining Unicode char U+1EAF (decimal 7855)
   defining Unicode char U+1EB0 (decimal 7856)
   defining Unicode char U+1EB1 (decimal 7857)
   defining Unicode char U+1EB2 (decimal 7858)
   defining Unicode char U+1EB3 (decimal 7859)
   defining Unicode char U+1EB4 (decimal 7860)
   defining Unicode char U+1EB5 (decimal 7861)
   defining Unicode char U+1EB6 (decimal 7862)
   defining Unicode char U+1EB7 (decimal 7863)
   defining Unicode char U+1EB8 (decimal 7864)
   defining Unicode char U+1EB9 (decimal 7865)
   defining Unicode char U+1EBA (decimal 7866)
   defining Unicode char U+1EBB (decimal 7867)
   defining Unicode char U+1EBC (decimal 7868)
   defining Unicode char U+1EBD (decimal 7869)
   defining Unicode char U+1EBE (decimal 7870)
   defining Unicode char U+1EBF (decimal 7871)
   defining Unicode char U+1EC0 (decimal 7872)
   defining Unicode char U+1EC1 (decimal 7873)
   defining Unicode char U+1EC2 (decimal 7874)
   defining Unicode char U+1EC3 (decimal 7875)
   defining Unicode char U+1EC4 (decimal 7876)
   defining Unicode char U+1EC5 (decimal 7877)
   defining Unicode char U+1EC6 (decimal 7878)
   defining Unicode char U+1EC7 (decimal 7879)
   defining Unicode char U+1EC8 (decimal 7880)
   defining Unicode char U+1EC9 (decimal 7881)
   defining Unicode char U+1ECA (decimal 7882)
   defining Unicode char U+1ECB (decimal 7883)
   defining Unicode char U+1ECC (decimal 7884)
   defining Unicode char U+1ECD (decimal 7885)
   defining Unicode char U+1ECE (decimal 7886)
   defining Unicode char U+1ECF (decimal 7887)
   defining Unicode char U+1ED0 (decimal 7888)
   defining Unicode char U+1ED1 (decimal 7889)
   defining Unicode char U+1ED2 (decimal 7890)
   defining Unicode char U+1ED3 (decimal 7891)
   defining Unicode char U+1ED4 (decimal 7892)
   defining Unicode char U+1ED5 (decimal 7893)
   defining Unicode char U+1ED6 (decimal 7894)
   defining Unicode char U+1ED7 (decimal 7895)
   defining Unicode char U+1ED8 (decimal 7896)
   defining Unicode char U+1ED9 (decimal 7897)
   defining Unicode char U+1EDA (decimal 7898)
   defining Unicode char U+1EDB (decimal 7899)
   defining Unicode char U+1EDC (decimal 7900)
   defining Unicode char U+1EDD (decimal 7901)
   defining Unicode char U+1EDE (decimal 7902)
   defining Unicode char U+1EDF (decimal 7903)
   defining Unicode char U+1EE0 (decimal 7904)
   defining Unicode char U+1EE1 (decimal 7905)
   defining Unicode char U+1EE2 (decimal 7906)
   defining Unicode char U+1EE3 (decimal 7907)
   defining Unicode char U+1EE4 (decimal 7908)
   defining Unicode char U+1EE5 (decimal 7909)
   defining Unicode char U+1EE6 (decimal 7910)
   defining Unicode char U+1EE7 (decimal 7911)
   defining Unicode char U+1EE8 (decimal 7912)
   defining Unicode char U+1EE9 (decimal 7913)
   defining Unicode char U+1EEA (decimal 7914)
   defining Unicode char U+1EEB (decimal 7915)
   defining Unicode char U+1EEC (decimal 7916)
   defining Unicode char U+1EED (decimal 7917)
   defining Unicode char U+1EEE (decimal 7918)
   defining Unicode char U+1EEF (decimal 7919)
   defining Unicode char U+1EF0 (decimal 7920)
   defining Unicode char U+1EF1 (decimal 7921)
   defining Unicode char U+1EF2 (decimal 7922)
   defining Unicode char U+1EF3 (decimal 7923)
   defining Unicode char U+1EF4 (decimal 7924)
   defining Unicode char U+1EF5 (decimal 7925)
   defining Unicode char U+1EF6 (decimal 7926)
   defining Unicode char U+1EF7 (decimal 7927)
   defining Unicode char U+1EF8 (decimal 7928)
   defining Unicode char U+1EF9 (decimal 7929)
   defining Unicode char U+200C (decimal 8204)
   defining Unicode char U+2013 (decimal 8211)
   defining Unicode char U+2014 (decimal 8212)
   defining Unicode char U+2018 (decimal 8216)
   defining Unicode char U+2019 (decimal 8217)
   defining Unicode char U+201A (decimal 8218)
   defining Unicode char U+201C (decimal 8220)
   defining Unicode char U+201D (decimal 8221)
   defining Unicode char U+201E (decimal 8222)
   defining Unicode char U+2030 (decimal 8240)
   defining Unicode char U+2031 (decimal 8241)
   defining Unicode char U+2039 (decimal 8249)
   defining Unicode char U+203A (decimal 8250)
   defining Unicode char U+2423 (decimal 9251)
))
LaTeX Font Info:    Try loading font information for T5+cmr on input line 105.

("C:\Program Files\MiKTeX 2.9\tex\latex\vntex\t5cmr.fd"
File: t5cmr.fd 1999/05/25 v2.5h Standard LaTeX font definitions
))
("C:\Program Files\MiKTeX 2.9\tex\latex\vntex\vncaps.tex"
File: vncaps.tex 2006/06/07 v1.1 Captions in Vietnamese
))
("C:\Program Files\MiKTeX 2.9\tex\generic\babel\babel.sty"
Package: babel 2015/08/03 3.9m The Babel package

*************************************
* Local config file bblopts.cfg used
*
("C:\Program Files\MiKTeX 2.9\tex\latex\00miktex\bblopts.cfg"
File: bblopts.cfg 2006/07/31 v1.0 MiKTeX 'babel' configuration
)
("C:\Program Files\MiKTeX 2.9\tex\latex\babel-english\english.ldf"
Language: english 2012/08/20 v3.3p English support from the babel system

("C:\Program Files\MiKTeX 2.9\tex\generic\babel\babel.def"
File: babel.def 2015/08/03 3.9m Babel common definitions
\babel@savecnt=\count94
\U@D=\dimen111
)))
("C:\Program Files\MiKTeX 2.9\tex\latex\csquotes\csquotes.sty"
Package: csquotes 2016/07/14 v5.1h context-sensitive quotations (JAW)

("C:\Program Files\MiKTeX 2.9\tex\latex\etoolbox\etoolbox.sty"
Package: etoolbox 2015/08/02 v2.2a e-TeX tools for LaTeX (JAW)
\etb@tempcnta=\count95
)
\csq@reset=\count96
\csq@gtype=\count97
\csq@glevel=\count98
\csq@qlevel=\count99
\csq@maxlvl=\count100
\csq@tshold=\count101
\csq@ltx@everypar=\toks19

("C:\Program Files\MiKTeX 2.9\tex\latex\csquotes\csquotes.def"
File: csquotes.def 2016/07/14 v5.1h csquotes generic definitions (JAW)
)
Package csquotes Info: Trying to load configuration file 'csquotes.cfg'...
Package csquotes Info: ... configuration file loaded successfully.

("C:\Program Files\MiKTeX 2.9\tex\latex\csquotes\csquotes.cfg"
File: csquotes.cfg 
))
("C:\Program Files\MiKTeX 2.9\tex\latex\amsmath\amsmath.sty"
Package: amsmath 2013/01/14 v2.14 AMS math features
\@mathmargin=\skip52

For additional information on amsmath, use the `?' option.
("C:\Program Files\MiKTeX 2.9\tex\latex\amsmath\amstext.sty"
Package: amstext 2000/06/29 v2.01

("C:\Program Files\MiKTeX 2.9\tex\latex\amsmath\amsgen.sty"
File: amsgen.sty 1999/11/30 v2.0
\@emptytoks=\toks20
\ex@=\dimen112
))
("C:\Program Files\MiKTeX 2.9\tex\latex\amsmath\amsbsy.sty"
Package: amsbsy 1999/11/29 v1.2d
\pmbraise@=\dimen113
)
("C:\Program Files\MiKTeX 2.9\tex\latex\amsmath\amsopn.sty"
Package: amsopn 1999/12/14 v2.01 operator names
)
\inf@bad=\count102
LaTeX Info: Redefining \frac on input line 210.
\uproot@=\count103
\leftroot@=\count104
LaTeX Info: Redefining \overline on input line 306.
\classnum@=\count105
\DOTSCASE@=\count106
LaTeX Info: Redefining \ldots on input line 378.
LaTeX Info: Redefining \dots on input line 381.
LaTeX Info: Redefining \cdots on input line 466.
\Mathstrutbox@=\box26
\strutbox@=\box27
\big@size=\dimen114
LaTeX Font Info:    Redeclaring font encoding OML on input line 566.
LaTeX Font Info:    Redeclaring font encoding OMS on input line 567.
\macc@depth=\count107
\c@MaxMatrixCols=\count108
\dotsspace@=\muskip10
\c@parentequation=\count109
\dspbrk@lvl=\count110
\tag@help=\toks21
\row@=\count111
\column@=\count112
\maxfields@=\count113
\andhelp@=\toks22
\eqnshift@=\dimen115
\alignsep@=\dimen116
\tagshift@=\dimen117
\tagwidth@=\dimen118
\totwidth@=\dimen119
\lineht@=\dimen120
\@envbody=\toks23
\multlinegap=\skip53
\multlinetaggap=\skip54
\mathdisplay@stack=\toks24
LaTeX Info: Redefining \[ on input line 2665.
LaTeX Info: Redefining \] on input line 2666.
)
("C:\Program Files\MiKTeX 2.9\tex\latex\tools\indentfirst.sty"
Package: indentfirst 1995/11/23 v1.03 Indent first paragraph (DPC)
)
("C:\Program Files\MiKTeX 2.9\tex\latex\nomencl\nomencl.sty"
Package: nomencl 2005/09/22 v4.2 Nomenclature package (LN)
\nomlabelwidth=\dimen121
\nom@tempdim=\dimen122
\nomitemsep=\skip55
)
\@nomenclaturefile=\write3

Writing nomenclature file thesis.nlo
("C:\Program Files\MiKTeX 2.9\tex\latex\hyperref\hyperref.sty"
Package: hyperref 2012/11/06 v6.83m Hypertext links for LaTeX

("C:\Program Files\MiKTeX 2.9\tex\generic\oberdiek\hobsub-hyperref.sty"
Package: hobsub-hyperref 2012/04/25 v1.12 Bundle oberdiek, subset hyperref (HO)


("C:\Program Files\MiKTeX 2.9\tex\generic\oberdiek\hobsub-generic.sty"
Package: hobsub-generic 2012/04/25 v1.12 Bundle oberdiek, subset generic (HO)
Package: hobsub 2012/04/25 v1.12 Construct package bundles (HO)
Package hobsub Info: Skipping package `infwarerr' (already loaded).
Package hobsub Info: Skipping package `ltxcmds' (already loaded).
Package hobsub Info: Skipping package `ifluatex' (already loaded).
Package hobsub Info: Skipping package `ifvtex' (already loaded).
Package: intcalc 2007/09/27 v1.1 Expandable calculations with integers (HO)
Package hobsub Info: Skipping package `ifpdf' (already loaded).
Package hobsub Info: Skipping package `etexcmds' (already loaded).
Package hobsub Info: Skipping package `kvsetkeys' (already loaded).
Package hobsub Info: Skipping package `kvdefinekeys' (already loaded).
Package hobsub Info: Skipping package `pdftexcmds' (already loaded).
Package: pdfescape 2011/11/25 v1.13 Implements pdfTeX's escape features (HO)
Package: bigintcalc 2012/04/08 v1.3 Expandable calculations on big integers (HO
)
Package: bitset 2011/01/30 v1.1 Handle bit-vector datatype (HO)
Package: uniquecounter 2011/01/30 v1.2 Provide unlimited unique counter (HO)
)
Package hobsub Info: Skipping package `hobsub' (already loaded).
Package: letltxmacro 2010/09/02 v1.4 Let assignment for LaTeX macros (HO)
Package: hopatch 2011/06/24 v1.1 Wrapper for package hooks (HO)
Package: xcolor-patch 2011/01/30 xcolor patch
Package: atveryend 2011/06/30 v1.8 Hooks at the very end of document (HO)
Package: atbegshi 2011/10/05 v1.16 At begin shipout hook (HO)
Package: refcount 2011/10/16 v3.4 Data extraction from label references (HO)
Package: hycolor 2011/01/30 v1.7 Color options for hyperref/bookmark (HO)
)
("C:\Program Files\MiKTeX 2.9\tex\latex\oberdiek\auxhook.sty"
Package: auxhook 2011/03/04 v1.3 Hooks for auxiliary files (HO)
)
\@linkdim=\dimen123
\Hy@linkcounter=\count114
\Hy@pagecounter=\count115

("C:\Program Files\MiKTeX 2.9\tex\latex\hyperref\pd1enc.def"
File: pd1enc.def 2012/11/06 v6.83m Hyperref: PDFDocEncoding definition (HO)
Now handling font encoding PD1 ...
... no UTF-8 mapping file for font encoding PD1
)
\Hy@SavedSpaceFactor=\count116

("C:\Program Files\MiKTeX 2.9\tex\latex\00miktex\hyperref.cfg"
File: hyperref.cfg 2002/06/06 v1.2 hyperref configuration of TeXLive
)
Package hyperref Info: Option `plainpages' set `false' on input line 4319.
Package hyperref Info: Option `pdfpagelabels' set `true' on input line 4319.
Package hyperref Info: Option `bookmarks' set `true' on input line 4319.
Package hyperref Info: Option `bookmarksopen' set `true' on input line 4319.
Package hyperref Info: Option `bookmarksnumbered' set `true' on input line 4319
.
Package hyperref Info: Option `breaklinks' set `true' on input line 4319.
Package hyperref Info: Option `linktocpage' set `true' on input line 4319.
Package hyperref Info: Option `colorlinks' set `true' on input line 4319.
Package hyperref Info: Option `hyperindex' set `true' on input line 4319.
Package hyperref Info: Option `hyperfigures' set `true' on input line 4319.
Package hyperref Info: Hyper figures ON on input line 4441.
Package hyperref Info: Link nesting OFF on input line 4448.
Package hyperref Info: Hyper index ON on input line 4451.
Package hyperref Info: Plain pages OFF on input line 4458.
Package hyperref Info: Backreferencing ON on input line 4461.
Package hyperref Info: Implicit mode ON; LaTeX internals redefined.
Package hyperref Info: Bookmarks ON on input line 4688.

("C:\Program Files\MiKTeX 2.9\tex\latex\hyperref\backref.sty"
Package: backref 2012/07/25 v1.38 Bibliographical back referencing

("C:\Program Files\MiKTeX 2.9\tex\latex\oberdiek\rerunfilecheck.sty"
Package: rerunfilecheck 2011/04/15 v1.7 Rerun checks for auxiliary files (HO)
Package uniquecounter Info: New unique counter `rerunfilecheck' on input line 2
82.
))
\c@Hy@tempcnt=\count117

("C:\Program Files\MiKTeX 2.9\tex\latex\url\url.sty"
\Urlmuskip=\muskip11
Package: url 2013/09/16  ver 3.4  Verb mode for urls, etc.
)
LaTeX Info: Redefining \url on input line 5041.
\XeTeXLinkMargin=\dimen124
\Fld@menulength=\count118
\Field@Width=\dimen125
\Fld@charsize=\dimen126
Package hyperref Info: Hyper figures ON on input line 6293.
Package hyperref Info: Link nesting OFF on input line 6300.
Package hyperref Info: Hyper index ON on input line 6303.
Package hyperref Info: backreferencing ON on input line 6308.
Package hyperref Info: Link coloring ON on input line 6313.
Package hyperref Info: Link coloring with OCG OFF on input line 6320.
Package hyperref Info: PDF/A mode OFF on input line 6325.
LaTeX Info: Redefining \ref on input line 6365.
LaTeX Info: Redefining \pageref on input line 6369.
\Hy@abspage=\count119
\c@Item=\count120
\c@Hfootnote=\count121
)

Package hyperref Message: Driver: hpdftex.

("C:\Program Files\MiKTeX 2.9\tex\latex\hyperref\hpdftex.def"
File: hpdftex.def 2012/11/06 v6.83m Hyperref driver for pdfTeX
\Fld@listcount=\count122
\c@bookmark@seq@number=\count123
\Hy@SectionHShift=\skip56
)
("C:\Program Files\MiKTeX 2.9\tex\latex\graphics\graphicx.sty"
Package: graphicx 2014/10/28 v1.0g Enhanced LaTeX Graphics (DPC,SPQR)

("C:\Program Files\MiKTeX 2.9\tex\latex\graphics\graphics.sty"
Package: graphics 2014/10/28 v1.0p Standard LaTeX Graphics (DPC,SPQR)

("C:\Program Files\MiKTeX 2.9\tex\latex\graphics\trig.sty"
Package: trig 1999/03/16 v1.09 sin cos tan (DPC)
)
("C:\Program Files\MiKTeX 2.9\tex\latex\00miktex\graphics.cfg"
File: graphics.cfg 2007/01/18 v1.5 graphics configuration of teTeX/TeXLive
)
Package graphics Info: Driver file: pdftex.def on input line 94.
)
\Gin@req@height=\dimen127
\Gin@req@width=\dimen128
)
("C:\Program Files\MiKTeX 2.9\tex\latex\geometry\geometry.sty"
Package: geometry 2010/09/12 v5.6 Page Geometry
\Gm@cnth=\count124
\Gm@cntv=\count125
\c@Gm@tempcnt=\count126
\Gm@bindingoffset=\dimen129
\Gm@wd@mp=\dimen130
\Gm@odd@mp=\dimen131
\Gm@even@mp=\dimen132
\Gm@layoutwidth=\dimen133
\Gm@layoutheight=\dimen134
\Gm@layouthoffset=\dimen135
\Gm@layoutvoffset=\dimen136
\Gm@dimlist=\toks25

("C:\Program Files\MiKTeX 2.9\tex\latex\geometry\geometry.cfg"))

Package geometry Warning: Over-specification in `h'-direction.
    `width' (483.69684pt) is ignored.


Package geometry Warning: Over-specification in `v'-direction.
    `height' (731.23582pt) is ignored.


Package Fancyhdr Warning: \fancyhead's `E' option without twoside option is use
less on input line 196.

("C:\Program Files\MiKTeX 2.9\tex\latex\psnfss\helvet.sty"
Package: helvet 2005/04/12 PSNFSS-v9.2a (WaS) 
)
("C:\Program Files\MiKTeX 2.9\tex\latex\fancybox\fancybox.sty"
Package: fancybox 2010/05/15 1.4

Style option: `fancybox' v1.4 <2010/05/15> (tvz)
\@fancybox=\box28
\shadowsize=\dimen137
\@Sbox=\box29
\do@VerbBox=\toks26
\the@fancyput=\toks27
\this@fancyput=\toks28
\EndVerbatimTokens=\toks29
\Verbatim@Outfile=\write4
\Verbatim@Infile=\read1
)) (StyleFiles/watermark.sty

LaTeX Warning: You have requested package `StyleFiles/watermark',
               but the package provides `watermark'.

Package: watermark 2002/01/29 v1.00 Watermarks (NCC)
)
Package hyperref Info: Option `colorlinks' set `false' on input line 13.
 ("C:\Program Files\MiKTeX 2.9\tex\latex\was\gensymb.sty"
Package: gensymb 2003/07/02 v1.0 (WaS)
)
("C:\Program Files\MiKTeX 2.9\tex\latex\algorithm2e\algorithm2e.sty"
Package: algorithm2e 2013/01/06 v5.00 algorithms environments
\c@AlgoLine=\count127
\algocf@hangindent=\skip57

("C:\Program Files\MiKTeX 2.9\tex\latex\tools\xspace.sty"
Package: xspace 2014/10/28 v1.13 Space after command names (DPC,MH)
)
("C:\Program Files\MiKTeX 2.9\tex\latex\ltxmisc\relsize.sty"
Package: relsize 2003/07/04 ver 3.1
)
********************************************************
Package `algorithm2e' Release 5.1 -- october 19 2015 --
- algorithm2e-announce@lirmm.fr mailing list for announcement about releases
- algorithm2e-discussion@lirmm.fr mailing list for discussion about package
subscribe by emailing sympa@lirmm.fr with 'subscribe <list> <firstname name>'
- Author: Christophe Fiorio (christophe.fiorio@umontpellier.fr)
********************************************************
\skiptotal=\skip58
\skiplinenumber=\skip59
\skiprule=\skip60
\skiphlne=\skip61
\skiptext=\skip62
\skiplength=\skip63
\algomargin=\skip64
\skipalgocfslide=\skip65
\algowidth=\dimen138
\inoutsize=\dimen139
\inoutindent=\dimen140
\interspacetitleruled=\dimen141
\interspacealgoruled=\dimen142
\interspacetitleboxruled=\dimen143
\algocf@ruledwidth=\skip66
\algocf@inoutbox=\box30
\algocf@inputbox=\box31
\AlCapSkip=\skip67
\AlCapHSkip=\skip68
\algoskipindent=\skip69
\algocf@nlbox=\box32
\algocf@hangingbox=\box33
\algocf@untilbox=\box34
\algocf@skipuntil=\skip70
\algocf@capbox=\box35
\algoheightruledefault=\skip71
\algoheightrule=\skip72
\algotitleheightruledefault=\skip73
\algotitleheightrule=\skip74
\c@algocfline=\count128
\c@algocfproc=\count129
\c@algocf=\count130
\algocf@algoframe=\box36
\algocf@algobox=\box37
) ("C:\Program Files\MiKTeX 2.9\tex\latex\oberdiek\epstopdf.sty"
Package: epstopdf 2010/02/09 v2.5 Conversion with epstopdf on the fly (HO)

("C:\Program Files\MiKTeX 2.9\tex\latex\oberdiek\epstopdf-base.sty"
Package: epstopdf-base 2010/02/09 v2.5 Base part for package epstopdf

("C:\Program Files\MiKTeX 2.9\tex\latex\oberdiek\grfext.sty"
Package: grfext 2010/08/19 v1.1 Manage graphics extensions (HO)
)
Package grfext Info: Graphics extension search list:
(grfext)             [.png,.jpg,.pdf,.eps]
(grfext)             \AppendGraphicsExtensions on input line 452.
))
("C:\Program Files\MiKTeX 2.9\tex\latex\amscls\amsthm.sty"
Package: amsthm 2015/03/04 v2.20.2
\thm@style=\toks30
\thm@bodyfont=\toks31
\thm@headfont=\toks32
\thm@notefont=\toks33
\thm@headpunct=\toks34
\thm@preskip=\skip75
\thm@postskip=\skip76
\thm@headsep=\skip77
\dth@everypar=\toks35
)
\c@mydef=\count131

("C:\Program Files\MiKTeX 2.9\tex\latex\listings\listings.sty"
\lst@mode=\count132
\lst@gtempboxa=\box38
\lst@token=\toks36
\lst@length=\count133
\lst@currlwidth=\dimen144
\lst@column=\count134
\lst@pos=\count135
\lst@lostspace=\dimen145
\lst@width=\dimen146
\lst@newlines=\count136
\lst@lineno=\count137
\lst@maxwidth=\dimen147

("C:\Program Files\MiKTeX 2.9\tex\latex\listings\lstmisc.sty"
File: lstmisc.sty 2015/06/04 1.6 (Carsten Heinz)
\c@lstnumber=\count138
\lst@skipnumbers=\count139
\lst@framebox=\box39
)
("C:\Program Files\MiKTeX 2.9\tex\latex\listings\listings.cfg"
File: listings.cfg 2015/06/04 1.6 listings configuration
))
Package: listings 2015/06/04 1.6 (Carsten Heinz)
Package csquotes Info: Checking for multilingual support...
Package csquotes Info: ... found 'babel' package.
Package csquotes Info: Adjusting default style.
Package csquotes Info: Redefining alias 'default' -> 'english'.
 (thesis.aux
(Acknowledgement/acknowledgement.aux) (Phieubangiao/Phieubangiao.aux)
(Abstract/abstract.aux) (AbstractEng/abstract.aux) (Chapter1/chapter1.aux)
(Chapter2/chapter2.aux) (Chapter3/chapter3.aux) (Chapter4/chapter4.aux)
(Chapter5/chapter5.aux) (Chapter6/chapter6.aux) (Chapter7/chapter7.aux)
(Chapter8/chapter8.aux))
LaTeX Font Info:    Checking defaults for OML/cmm/m/it on input line 48.
LaTeX Font Info:    ... okay on input line 48.
LaTeX Font Info:    Checking defaults for T1/cmr/m/n on input line 48.
LaTeX Font Info:    ... okay on input line 48.
LaTeX Font Info:    Checking defaults for OT1/cmr/m/n on input line 48.
LaTeX Font Info:    ... okay on input line 48.
LaTeX Font Info:    Checking defaults for OMS/cmsy/m/n on input line 48.
LaTeX Font Info:    ... okay on input line 48.
LaTeX Font Info:    Checking defaults for OMX/cmex/m/n on input line 48.
LaTeX Font Info:    ... okay on input line 48.
LaTeX Font Info:    Checking defaults for U/cmr/m/n on input line 48.
LaTeX Font Info:    ... okay on input line 48.
LaTeX Font Info:    Checking defaults for T5/cmr/m/n on input line 48.
LaTeX Font Info:    ... okay on input line 48.
LaTeX Font Info:    Checking defaults for PD1/pdf/m/n on input line 48.
LaTeX Font Info:    ... okay on input line 48.
Package caption Info: Begin \AtBeginDocument code.
Package caption Info: hyperref package is loaded.
Package caption Info: listings package is loaded.
Package caption Info: End \AtBeginDocument code.

("C:\Program Files\MiKTeX 2.9\tex\context\base\supp-pdf.mkii"
[Loading MPS to PDF converter (version 2006.09.02).]
\scratchcounter=\count140
\scratchdimen=\dimen148
\scratchbox=\box40
\nofMPsegments=\count141
\nofMParguments=\count142
\everyMPshowfont=\toks37
\MPscratchCnt=\count143
\MPscratchDim=\dimen149
\MPnumerator=\count144
\makeMPintoPDFobject=\count145
\everyMPtoPDFconversion=\toks38
)
\AtBeginShipoutBox=\box41
Package hyperref Info: Link coloring OFF on input line 48.
 ("C:\Program Files\MiKTeX 2.9\tex\latex\hyperref\nameref.sty"
Package: nameref 2012/10/27 v2.43 Cross-referencing by name of section

("C:\Program Files\MiKTeX 2.9\tex\generic\oberdiek\gettitlestring.sty"
Package: gettitlestring 2010/12/03 v1.4 Cleanup title references (HO)
)
\c@section@level=\count146
)
LaTeX Info: Redefining \ref on input line 48.
LaTeX Info: Redefining \pageref on input line 48.
LaTeX Info: Redefining \nameref on input line 48.

(thesis.out) (thesis.out)
\@outlinefile=\write5

*geometry* driver: auto-detecting
*geometry* detected driver: pdftex
*geometry* verbose mode - [ preamble ] result:
* driver: pdftex
* paper: a4paper
* layout: <same size as paper>
* layoutoffset:(h,v)=(0.0pt,0.0pt)
* modes: 
* h-part:(L,W,R)=(99.58464pt, 441.01773pt, 56.9055pt)
* v-part:(T,H,B)=(56.9055pt, 717.00946pt, 71.13188pt)
* \paperwidth=597.50787pt
* \paperheight=845.04684pt
* \textwidth=441.01773pt
* \textheight=717.00946pt
* \oddsidemargin=27.31465pt
* \evensidemargin=27.31465pt
* \topmargin=-47.23828pt
* \headheight=12.0pt
* \headsep=19.8738pt
* \topskip=12.0pt
* \footskip=30.0pt
* \marginparwidth=38.0pt
* \marginparsep=7.0pt
* \columnsep=10.0pt
* \skip\footins=10.8pt plus 4.0pt minus 2.0pt
* \hoffset=0.0pt
* \voffset=0.0pt
* \mag=1000
* \@twocolumnfalse
* \@twosidefalse
* \@mparswitchfalse
* \@reversemarginfalse
* (1in=72.27pt=25.4mm, 1cm=28.453pt)

LaTeX Info: Redefining \celsius on input line 48.
Package gensymb Info: Faking symbols for \degree and \celsius on input line 48.


Package gensymb Warning: Not defining \perthousand.

LaTeX Info: Redefining \ohm on input line 48.
Package gensymb Info: Using \Omega for \ohm on input line 48.

Package gensymb Warning: Not defining \micro.

\c@lstlisting=\count147
LaTeX Font Info:    Calculating math sizes for size <14> on input line 49.
LaTeX Font Info:    Try loading font information for U+msa on input line 49.
("C:\Program Files\MiKTeX 2.9\tex\latex\amsfonts\umsa.fd"
File: umsa.fd 2013/01/14 v3.01 AMS symbols A
)
LaTeX Font Info:    Try loading font information for U+msb on input line 49.

("C:\Program Files\MiKTeX 2.9\tex\latex\amsfonts\umsb.fd"
File: umsb.fd 2013/01/14 v3.01 AMS symbols B
) [0

{C:/Users/Trung Nguyen/AppData/Local/MiKTeX/2.9/pdftex/config/pdftex.map}]
(Acknowledgement/acknowledgement.tex [1


]) (Phieubangiao/Phieubangiao.tex
LaTeX Font Info:    Try loading font information for OMS+cmr on input line 17.

("C:\Program Files\MiKTeX 2.9\tex\latex\base\omscmr.fd"
File: omscmr.fd 2014/09/29 v2.5h Standard LaTeX font definitions
)
LaTeX Font Info:    Font shape `OMS/cmr/m/n' in size <12> not available
(Font)              Font shape `OMS/cmsy/m/n' tried instead on input line 17.
 [2


] [3])
(Abstract/abstract.tex [4


]) (AbstractEng/abstract.tex [5


]) (thesis.toc [6
\FN@pp@footnotehinttrue 


])
\tf@toc=\write6


Package Fancyhdr Warning: \headheight is too small (12.0pt): 
 Make it at least 14.49998pt.
 We now make it that large for the rest of the document.
 This may cause the page layout to be inconsistent, however.

[7] (thesis.lof)
\tf@lof=\write7
 [8

] [9] (Chapter1/chapter1.tex
Chapter 1.
[1



]
<Chapter1/Chapter1Figs/fig-local-minimum.png, id=352, 703.62875pt x 449.68pt>
File: Chapter1/Chapter1Figs/fig-local-minimum.png Graphic file (type png)

<use Chapter1/Chapter1Figs/fig-local-minimum.png>
Package pdftex.def Info: Chapter1/Chapter1Figs/fig-local-minimum.png used on in
put line 27.
(pdftex.def)             Requested size: 176.40439pt x 112.73535pt.
 [2]) [3 <./Chapter1/Chapter1Figs/fig-local-minimum.png>] (Chapter2/chapter2.te
x
Package epstopdf Info: Source file: <Chapter2/Chapter2Figs/fig-polygon.eps>
(epstopdf)                    date: 2016-05-27 04:21:24
(epstopdf)                    size: 589618 bytes
(epstopdf)             Output file: <./fig-polygon-eps-converted-to.pdf>
(epstopdf)                    date: 2016-05-27 04:22:46
(epstopdf)                    size: 99653 bytes
(epstopdf)             Command: <epstopdf --outfile=./fig-polygon-eps-converted
-to.pdf Chapter2/Chapter2Figs/fig-polygon.eps>
(epstopdf)             \includegraphics on input line 10.
Package epstopdf Info: Output file is already uptodate.

<./fig-polygon-eps-converted-to.pdf, id=384, 286.06876pt x 286.06876pt>
File: ./fig-polygon-eps-converted-to.pdf Graphic file (type pdf)

<use ./fig-polygon-eps-converted-to.pdf>
Package pdftex.def Info: ./fig-polygon-eps-converted-to.pdf used on input line 
10.
(pdftex.def)             Requested size: 176.40439pt x 176.40485pt.
 [4


 <./fig-polygon-eps-converted-to.pdf>] [5]) [6] [7] (Chapter3/chapter3.tex
Chapter 2.
[8



]
<Chapter3/Chapter3Figs/fig-stuck-node.png, id=438, 636.3775pt x 752.8125pt>
File: Chapter3/Chapter3Figs/fig-stuck-node.png Graphic file (type png)

<use Chapter3/Chapter3Figs/fig-stuck-node.png>
Package pdftex.def Info: Chapter3/Chapter3Figs/fig-stuck-node.png used on input
 line 19.
(pdftex.def)             Requested size: 176.40439pt x 208.67245pt.
 [9 <./Chapter3/Chapter3Figs/fig-stuck-node.png>]
<Chapter3/Chapter3Figs/fig-boundhole.png, id=449, 494.84875pt x 443.6575pt>
File: Chapter3/Chapter3Figs/fig-boundhole.png Graphic file (type png)

<use Chapter3/Chapter3Figs/fig-boundhole.png>
Package pdftex.def Info: Chapter3/Chapter3Figs/fig-boundhole.png used on input 
line 29.
(pdftex.def)             Requested size: 176.40439pt x 158.15277pt.
 [10 <./Chapter3/Chapter3Figs/fig-boundhole.png>]
<Chapter3/Chapter3Figs/fig-circle.png, id=476, 1152.305pt x 426.59375pt>
File: Chapter3/Chapter3Figs/fig-circle.png Graphic file (type png)

<use Chapter3/Chapter3Figs/fig-circle.png>
Package pdftex.def Info: Chapter3/Chapter3Figs/fig-circle.png used on input lin
e 55.
(pdftex.def)             Requested size: 264.61333pt x 97.95827pt.
 [11 <./Chapter3/Chapter3Figs/fig-circle.png>]
<Chapter3/Chapter3Figs/fig-circle2.png, id=487, 1017.8025pt x 811.03pt>
File: Chapter3/Chapter3Figs/fig-circle2.png Graphic file (type png)

<use Chapter3/Chapter3Figs/fig-circle2.png>
Package pdftex.def Info: Chapter3/Chapter3Figs/fig-circle2.png used on input li
ne 83.
(pdftex.def)             Requested size: 176.40439pt x 140.55872pt.

<Chapter3/Chapter3Figs/fig-circle-problem.png, id=491, 531.9875pt x 361.35pt>
File: Chapter3/Chapter3Figs/fig-circle-problem.png Graphic file (type png)

<use Chapter3/Chapter3Figs/fig-circle-problem.png>
Package pdftex.def Info: Chapter3/Chapter3Figs/fig-circle-problem.png used on i
nput line 95.
(pdftex.def)             Requested size: 176.40439pt x 119.81929pt.
 [12 <./Chapter3/Chapter3Figs/fig-circle2.png>]
Package epstopdf Info: Source file: <Chapter3/Chapter3Figs/fig-elbar-grid.eps>
(epstopdf)                    date: 2011-06-30 11:48:36
(epstopdf)                    size: 1547008 bytes
(epstopdf)             Output file: <./fig-elbar-grid-eps-converted-to.pdf>
(epstopdf)                    date: 2016-05-27 04:27:02
(epstopdf)                    size: 23266 bytes
(epstopdf)             Command: <epstopdf --outfile=./fig-elbar-grid-eps-conver
ted-to.pdf Chapter3/Chapter3Figs/fig-elbar-grid.eps>
(epstopdf)             \includegraphics on input line 115.
Package epstopdf Info: Output file is already uptodate.

<./fig-elbar-grid-eps-converted-to.pdf, id=505, 461.725pt x 351.3125pt>
File: ./fig-elbar-grid-eps-converted-to.pdf Graphic file (type pdf)

<use ./fig-elbar-grid-eps-converted-to.pdf>
Package pdftex.def Info: ./fig-elbar-grid-eps-converted-to.pdf used on input li
ne 115.
(pdftex.def)             Requested size: 220.50887pt x 167.77574pt.
Package epstopdf Info: Source file: <Chapter3/Chapter3Figs/fig-elbar-regions.ep
s>
(epstopdf)                    date: 2012-05-04 11:35:02
(epstopdf)                    size: 418397 bytes
(epstopdf)             Output file: <./fig-elbar-regions-eps-converted-to.pdf>
(epstopdf)                    date: 2016-05-27 04:27:04
(epstopdf)                    size: 21384 bytes
(epstopdf)             Command: <epstopdf --outfile=./fig-elbar-regions-eps-con
verted-to.pdf Chapter3/Chapter3Figs/fig-elbar-regions.eps>
(epstopdf)             \includegraphics on input line 131.
Package epstopdf Info: Output file is already uptodate.

<./fig-elbar-regions-eps-converted-to.pdf, id=508, 613.29124pt x 459.7175pt>
File: ./fig-elbar-regions-eps-converted-to.pdf Graphic file (type pdf)

<use ./fig-elbar-regions-eps-converted-to.pdf>
Package pdftex.def Info: ./fig-elbar-regions-eps-converted-to.pdf used on input
 line 131.
(pdftex.def)             Requested size: 220.50887pt x 165.28772pt.
 [13 <./Chapter3/Chapter3Figs/fig-circle-problem.png>]
Package epstopdf Info: Source file: <Chapter3/Chapter3Figs/fig-elbar-parallelog
ram.eps>
(epstopdf)                    date: 2012-05-05 15:09:18
(epstopdf)                    size: 888128 bytes
(epstopdf)             Output file: <./fig-elbar-parallelogram-eps-converted-to
.pdf>
(epstopdf)                    date: 2016-05-27 04:27:06
(epstopdf)                    size: 15364 bytes
(epstopdf)             Command: <epstopdf --outfile=./fig-elbar-parallelogram-e
ps-converted-to.pdf Chapter3/Chapter3Figs/fig-elbar-parallelogram.eps>
(epstopdf)             \includegraphics on input line 140.
Package epstopdf Info: Output file is already uptodate.

<./fig-elbar-parallelogram-eps-converted-to.pdf, id=517, 496.85625pt x 332.2412
6pt>
File: ./fig-elbar-parallelogram-eps-converted-to.pdf Graphic file (type pdf)
 <use ./fig-elbar-parallelogram-eps-converted-to.pdf>
Package pdftex.def Info: ./fig-elbar-parallelogram-eps-converted-to.pdf used on
 input line 140.
(pdftex.def)             Requested size: 220.50887pt x 147.454pt.
 [14 <./fig-elbar-grid-eps-converted-to.pdf> <./fig-elbar-regions-eps-converted
-to.pdf> <./fig-elbar-parallelogram-eps-converted-to.pdf>]
Package epstopdf Info: Source file: <Chapter3/Chapter3Figs/fig-elbar-routing.ep
s>
(epstopdf)                    date: 2012-05-05 15:36:08
(epstopdf)                    size: 2176136 bytes
(epstopdf)             Output file: <./fig-elbar-routing-eps-converted-to.pdf>
(epstopdf)                    date: 2016-05-27 04:29:18
(epstopdf)                    size: 31595 bytes
(epstopdf)             Command: <epstopdf --outfile=./fig-elbar-routing-eps-con
verted-to.pdf Chapter3/Chapter3Figs/fig-elbar-routing.eps>
(epstopdf)             \includegraphics on input line 153.
Package epstopdf Info: Output file is already uptodate.

<./fig-elbar-routing-eps-converted-to.pdf, id=535, 551.05875pt x 760.8425pt>
File: ./fig-elbar-routing-eps-converted-to.pdf Graphic file (type pdf)

<use ./fig-elbar-routing-eps-converted-to.pdf>
Package pdftex.def Info: ./fig-elbar-routing-eps-converted-to.pdf used on input
 line 153.
(pdftex.def)             Requested size: 220.50887pt x 304.4593pt.
 [15 <./fig-elbar-routing-eps-converted-to.pdf>] [16]
Package epstopdf Info: Source file: <Chapter3/Chapter3Figs/fig-issnip-routing1.
eps>
(epstopdf)                    date: 2013-12-09 02:12:50
(epstopdf)                    size: 66529 bytes
(epstopdf)             Output file: <./fig-issnip-routing1-eps-converted-to.pdf
>
(epstopdf)                    date: 2016-05-27 04:27:06
(epstopdf)                    size: 22772 bytes
(epstopdf)             Command: <epstopdf --outfile=./fig-issnip-routing1-eps-c
onverted-to.pdf Chapter3/Chapter3Figs/fig-issnip-routing1.eps>
(epstopdf)             \includegraphics on input line 185.
Package epstopdf Info: Output file is already uptodate.

<./fig-issnip-routing1-eps-converted-to.pdf, id=553, 161.60374pt x 148.555pt>
File: ./fig-issnip-routing1-eps-converted-to.pdf Graphic file (type pdf)

<use ./fig-issnip-routing1-eps-converted-to.pdf>
Package pdftex.def Info: ./fig-issnip-routing1-eps-converted-to.pdf used on inp
ut line 185.
(pdftex.def)             Requested size: 176.40776pt x 162.17107pt.
Package epstopdf Info: Source file: <Chapter3/Chapter3Figs/fig-issnip-routing2.
eps>
(epstopdf)                    date: 2013-12-09 02:13:12
(epstopdf)                    size: 75356 bytes
(epstopdf)             Output file: <./fig-issnip-routing2-eps-converted-to.pdf
>
(epstopdf)                    date: 2016-05-27 04:27:08
(epstopdf)                    size: 25782 bytes
(epstopdf)             Command: <epstopdf --outfile=./fig-issnip-routing2-eps-c
onverted-to.pdf Chapter3/Chapter3Figs/fig-issnip-routing2.eps>
(epstopdf)             \includegraphics on input line 191.
Package epstopdf Info: Output file is already uptodate.

<./fig-issnip-routing2-eps-converted-to.pdf, id=554, 164.615pt x 160.6pt>
File: ./fig-issnip-routing2-eps-converted-to.pdf Graphic file (type pdf)

<use ./fig-issnip-routing2-eps-converted-to.pdf>
Package pdftex.def Info: ./fig-issnip-routing2-eps-converted-to.pdf used on inp
ut line 191.
(pdftex.def)             Requested size: 176.40776pt x 172.10985pt.
) [17 <./fig-issnip-routing1-eps-converted-to.pdf> <./fig-issnip-routing2-eps-c
onverted-to.pdf>]
(Chapter4/chapter4.tex
Chapter 3.
Package epstopdf Info: Source file: <Chapter4/Chapter4Figs/fig-view-limit-verte
x.eps>
(epstopdf)                    date: 2014-04-09 09:18:24
(epstopdf)                    size: 42054 bytes
(epstopdf)             Output file: <./fig-view-limit-vertex-eps-converted-to.p
df>
(epstopdf)                    date: 2016-05-27 04:40:00
(epstopdf)                    size: 7859 bytes
(epstopdf)             Command: <epstopdf --outfile=./fig-view-limit-vertex-eps
-converted-to.pdf Chapter4/Chapter4Figs/fig-view-limit-vertex.eps>
(epstopdf)             \includegraphics on input line 28.
Package epstopdf Info: Output file is already uptodate.

<./fig-view-limit-vertex-eps-converted-to.pdf, id=667, 230.8625pt x 162.6075pt>
File: ./fig-view-limit-vertex-eps-converted-to.pdf Graphic file (type pdf)
<use ./fig-view-limit-vertex-eps-converted-to.pdf>
Package pdftex.def Info: ./fig-view-limit-vertex-eps-converted-to.pdf used on i
nput line 28.
(pdftex.def)             Requested size: 132.30666pt x 93.19092pt.
Package epstopdf Info: Source file: <Chapter4/Chapter4Figs/fig-covering-polygon
.eps>
(epstopdf)                    date: 2016-04-25 07:05:14
(epstopdf)                    size: 22419 bytes
(epstopdf)             Output file: <./fig-covering-polygon-eps-converted-to.pd
f>
(epstopdf)                    date: 2016-05-27 04:39:58
(epstopdf)                    size: 6688 bytes
(epstopdf)             Command: <epstopdf --outfile=./fig-covering-polygon-eps-
converted-to.pdf Chapter4/Chapter4Figs/fig-covering-polygon.eps>
(epstopdf)             \includegraphics on input line 34.
Package epstopdf Info: Output file is already uptodate.

<./fig-covering-polygon-eps-converted-to.pdf, id=668, 173.64874pt x 131.49126pt
>
File: ./fig-covering-polygon-eps-converted-to.pdf Graphic file (type pdf)
 <use ./fig-covering-polygon-eps-converted-to.pdf>
Package pdftex.def Info: ./fig-covering-polygon-eps-converted-to.pdf used on in
put line 34.
(pdftex.def)             Requested size: 132.30666pt x 100.1892pt.
 [18



]
Package epstopdf Info: Source file: <Chapter4/Chapter4Figs/fig-innerpolygon.eps
>
(epstopdf)                    date: 2016-05-27 04:52:08
(epstopdf)                    size: 84491 bytes
(epstopdf)             Output file: <./fig-innerpolygon-eps-converted-to.pdf>
(epstopdf)                    date: 2016-05-27 04:54:50
(epstopdf)                    size: 18633 bytes
(epstopdf)             Command: <epstopdf --outfile=./fig-innerpolygon-eps-conv
erted-to.pdf Chapter4/Chapter4Figs/fig-innerpolygon.eps>
(epstopdf)             \includegraphics on input line 58.
Package epstopdf Info: Output file is already uptodate.

<./fig-innerpolygon-eps-converted-to.pdf, id=680, 193.72375pt x 183.68625pt>
File: ./fig-innerpolygon-eps-converted-to.pdf Graphic file (type pdf)

<use ./fig-innerpolygon-eps-converted-to.pdf>
Package pdftex.def Info: ./fig-innerpolygon-eps-converted-to.pdf used on input 
line 58.
(pdftex.def)             Requested size: 132.30666pt x 125.45152pt.
 [19 <./fig-view-limit-vertex-eps-converted-to.pdf> <./fig-covering-polygon-eps
-converted-to.pdf> <./fig-innerpolygon-eps-converted-to.pdf>]
Package epstopdf Info: Source file: <Chapter4/Chapter4Figs/fig-path-example.eps
>
(epstopdf)                    date: 2016-05-25 20:08:30
(epstopdf)                    size: 1114695 bytes
(epstopdf)             Output file: <./fig-path-example-eps-converted-to.pdf>
(epstopdf)                    date: 2016-05-27 04:58:24
(epstopdf)                    size: 150231 bytes
(epstopdf)             Command: <epstopdf --outfile=./fig-path-example-eps-conv
erted-to.pdf Chapter4/Chapter4Figs/fig-path-example.eps>
(epstopdf)             \includegraphics on input line 78.
Package epstopdf Info: Output file is already uptodate.

<./fig-path-example-eps-converted-to.pdf, id=709, 285.065pt x 286.06876pt>
File: ./fig-path-example-eps-converted-to.pdf Graphic file (type pdf)

<use ./fig-path-example-eps-converted-to.pdf>
Package pdftex.def Info: ./fig-path-example-eps-converted-to.pdf used on input 
line 78.
(pdftex.def)             Requested size: 176.40439pt x 177.02467pt.
 [20] [21 <./fig-path-example-eps-converted-to.pdf>] [22]
Package epstopdf Info: Source file: <Chapter4/Chapter4Figs/fig-skeleton.eps>
(epstopdf)                    date: 2016-05-27 05:07:34
(epstopdf)                    size: 26048 bytes
(epstopdf)             Output file: <./fig-skeleton-eps-converted-to.pdf>
(epstopdf)                    date: 2016-05-27 05:08:46
(epstopdf)                    size: 3731 bytes
(epstopdf)             Command: <epstopdf --outfile=./fig-skeleton-eps-converte
d-to.pdf Chapter4/Chapter4Figs/fig-skeleton.eps>
(epstopdf)             \includegraphics on input line 187.
Package epstopdf Info: Output file is already uptodate.

<./fig-skeleton-eps-converted-to.pdf, id=735, 926.46124pt x 1032.85875pt>
File: ./fig-skeleton-eps-converted-to.pdf Graphic file (type pdf)

<use ./fig-skeleton-eps-converted-to.pdf>
Package pdftex.def Info: ./fig-skeleton-eps-converted-to.pdf used on input line
 187.
(pdftex.def)             Requested size: 176.40439pt x 196.65497pt.
 [23] [24 <./fig-skeleton-eps-converted-to.pdf>] [25]
Package epstopdf Info: Source file: <Chapter4/Chapter4Figs/fig-octagon-vap.eps>

(epstopdf)                    date: 2016-05-25 19:58:16
(epstopdf)                    size: 574725 bytes
(epstopdf)             Output file: <./fig-octagon-vap-eps-converted-to.pdf>
(epstopdf)                    date: 2016-05-27 05:15:16
(epstopdf)                    size: 97745 bytes
(epstopdf)             Command: <epstopdf --outfile=./fig-octagon-vap-eps-conve
rted-to.pdf Chapter4/Chapter4Figs/fig-octagon-vap.eps>
(epstopdf)             \includegraphics on input line 257.
Package epstopdf Info: Output file is already uptodate.

<./fig-octagon-vap-eps-converted-to.pdf, id=760, 286.06876pt x 286.06876pt>
File: ./fig-octagon-vap-eps-converted-to.pdf Graphic file (type pdf)

<use ./fig-octagon-vap-eps-converted-to.pdf>
Package pdftex.def Info: ./fig-octagon-vap-eps-converted-to.pdf used on input l
ine 257.
(pdftex.def)             Requested size: 176.40439pt x 176.40485pt.
 [26 <./fig-octagon-vap-eps-converted-to.pdf>]

Package hyperref Warning: Token not allowed in a PDF string (PDFDocEncoding):
(hyperref)                removing `math shift' on input line 317.


Package hyperref Warning: Token not allowed in a PDF string (PDFDocEncoding):
(hyperref)                removing `\delta' on input line 317.


Package hyperref Warning: Token not allowed in a PDF string (PDFDocEncoding):
(hyperref)                removing `math shift' on input line 317.

) [27] [28] (Chapter5/chapter5.tex
Chapter 4.
<Chapter5/Chapter5Figs/fig-ns2-arch.png, id=786, 1159.33125pt x 486.81876pt>
File: Chapter5/Chapter5Figs/fig-ns2-arch.png Graphic file (type png)

<use Chapter5/Chapter5Figs/fig-ns2-arch.png>
Package pdftex.def Info: Chapter5/Chapter5Figs/fig-ns2-arch.png used on input l
ine 12.
(pdftex.def)             Requested size: 264.61333pt x 111.11171pt.
 [29



]
<Chapter5/Chapter5Figs/fig-ns2-event.png, id=793, 1175.39125pt x 409.53pt>
File: Chapter5/Chapter5Figs/fig-ns2-event.png Graphic file (type png)

<use Chapter5/Chapter5Figs/fig-ns2-event.png>
Package pdftex.def Info: Chapter5/Chapter5Figs/fig-ns2-event.png used on input 
line 35.
(pdftex.def)             Requested size: 264.61333pt x 92.1965pt.
 [30 <./Chapter5/Chapter5Figs/fig-ns2-arch.png> <./Chapter5/Chapter5Figs/fig-ns
2-event.png>]
<Chapter5/Chapter5Figs/wissim-voronoi.png, id=800, 1084.05pt x 647.41875pt>
File: Chapter5/Chapter5Figs/wissim-voronoi.png Graphic file (type png)

<use Chapter5/Chapter5Figs/wissim-voronoi.png>
Package pdftex.def Info: Chapter5/Chapter5Figs/wissim-voronoi.png used on input
 line 71.
(pdftex.def)             Requested size: 352.81552pt x 210.70496pt.

<Chapter5/Chapter5Figs/wissim-analyzer.png, id=801, 1084.05pt x 647.41875pt>
File: Chapter5/Chapter5Figs/wissim-analyzer.png Graphic file (type png)

<use Chapter5/Chapter5Figs/wissim-analyzer.png>
Package pdftex.def Info: Chapter5/Chapter5Figs/wissim-analyzer.png used on inpu
t line 77.
(pdftex.def)             Requested size: 352.81552pt x 210.70496pt.
) [31] [32 <./Chapter5/Chapter5Figs/wissim-voronoi.png> <./Chapter5/Chapter5Fig
s/wissim-analyzer.png>]
(Chapter6/chapter6.tex
Chapter 5.
[33



] ("C:\Program Files\MiKTeX 2.9\tex\latex\listings\lstlang1.sty"
File: lstlang1.sty 2015/06/04 1.6 listings language file
)
("C:\Program Files\MiKTeX 2.9\tex\latex\listings\lstmisc.sty"
File: lstmisc.sty 2015/06/04 1.6 (Carsten Heinz)
)
LaTeX Font Info:    Try loading font information for T5+cmtt on input line 25.

("C:\Program Files\MiKTeX 2.9\tex\latex\vntex\t5cmtt.fd"
File: t5cmtt.fd 1999/05/25 v2.5h Standard LaTeX font definitions
)
LaTeX Font Info:    Font shape `T5/cmtt/bx/n' in size <10> not available
(Font)              Font shape `T5/cmtt/m/n' tried instead on input line 26.
 [34] [35]
("C:\Program Files\MiKTeX 2.9\tex\latex\listings\lstlang1.sty"
File: lstlang1.sty 2015/06/04 1.6 listings language file
)
("C:\Program Files\MiKTeX 2.9\tex\latex\listings\lstlang2.sty"
File: lstlang2.sty 2015/06/04 1.6 listings language file
) [36]) [37]
(Chapter7/chapter7.tex
Chapter 6.
Package epstopdf Info: Source file: <Chapter7/Chapter7Figs/energy.eps>
(epstopdf)                    date: 2016-05-27 03:30:32
(epstopdf)                    size: 9050 bytes
(epstopdf)             Output file: <./energy-eps-converted-to.pdf>
(epstopdf)                    date: 2016-05-27 05:30:18
(epstopdf)                    size: 7401 bytes
(epstopdf)             Command: <epstopdf --outfile=./energy-eps-converted-to.p
df Chapter7/Chapter7Figs/energy.eps>
(epstopdf)             \includegraphics on input line 50.
Package epstopdf Info: Output file is already uptodate.
<./energy-eps-converted-to.pdf, id=966, 376.40625pt x 376.40625pt>
File: ./energy-eps-converted-to.pdf Graphic file (type pdf)

<use ./energy-eps-converted-to.pdf>
Package pdftex.def Info: ./energy-eps-converted-to.pdf used on input line 50.
(pdftex.def)             Requested size: 264.61333pt x 264.63127pt.
 [38



]
Package epstopdf Info: Source file: <Chapter7/Chapter7Figs/dev.eps>
(epstopdf)                    date: 2016-05-27 03:36:12
(epstopdf)                    size: 9129 bytes
(epstopdf)             Output file: <./dev-eps-converted-to.pdf>
(epstopdf)                    date: 2016-05-27 05:30:18
(epstopdf)                    size: 7415 bytes
(epstopdf)             Command: <epstopdf --outfile=./dev-eps-converted-to.pdf 
Chapter7/Chapter7Figs/dev.eps>
(epstopdf)             \includegraphics on input line 62.
Package epstopdf Info: Output file is already uptodate.

<./dev-eps-converted-to.pdf, id=974, 376.40625pt x 376.40625pt>
File: ./dev-eps-converted-to.pdf Graphic file (type pdf)

<use ./dev-eps-converted-to.pdf>
Package pdftex.def Info: ./dev-eps-converted-to.pdf used on input line 62.
(pdftex.def)             Requested size: 264.61333pt x 264.63127pt.
Package epstopdf Info: Source file: <Chapter7/Chapter7Figs/gpsr-energy.eps>
(epstopdf)                    date: 2016-05-26 11:47:40
(epstopdf)                    size: 567155 bytes
(epstopdf)             Output file: <./gpsr-energy-eps-converted-to.pdf>
(epstopdf)                    date: 2016-05-27 05:34:50
(epstopdf)                    size: 55902 bytes
(epstopdf)             Command: <epstopdf --outfile=./gpsr-energy-eps-converted
-to.pdf Chapter7/Chapter7Figs/gpsr-energy.eps>
(epstopdf)             \includegraphics on input line 72.
Package epstopdf Info: Output file is already uptodate.

<./gpsr-energy-eps-converted-to.pdf, id=978, 421.575pt x 316.18124pt>
File: ./gpsr-energy-eps-converted-to.pdf Graphic file (type pdf)

<use ./gpsr-energy-eps-converted-to.pdf>
Package pdftex.def Info: ./gpsr-energy-eps-converted-to.pdf used on input line 
72.
(pdftex.def)             Requested size: 176.40776pt x 132.30794pt.
Package epstopdf Info: Source file: <Chapter7/Chapter7Figs/boundhole-energy.eps
>
(epstopdf)                    date: 2016-05-26 11:54:38
(epstopdf)                    size: 563188 bytes
(epstopdf)             Output file: <./boundhole-energy-eps-converted-to.pdf>
(epstopdf)                    date: 2016-05-27 05:34:50
(epstopdf)                    size: 58510 bytes
(epstopdf)             Command: <epstopdf --outfile=./boundhole-energy-eps-conv
erted-to.pdf Chapter7/Chapter7Figs/boundhole-energy.eps>
(epstopdf)             \includegraphics on input line 78.
Package epstopdf Info: Output file is already uptodate.

<./boundhole-energy-eps-converted-to.pdf, id=979, 421.575pt x 316.18124pt>
File: ./boundhole-energy-eps-converted-to.pdf Graphic file (type pdf)

<use ./boundhole-energy-eps-converted-to.pdf>
Package pdftex.def Info: ./boundhole-energy-eps-converted-to.pdf used on input 
line 78.
(pdftex.def)             Requested size: 176.40776pt x 132.30794pt.
Package epstopdf Info: Source file: <Chapter7/Chapter7Figs/nhr-energy.eps>
(epstopdf)                    date: 2016-05-26 11:47:16
(epstopdf)                    size: 606332 bytes
(epstopdf)             Output file: <./nhr-energy-eps-converted-to.pdf>
(epstopdf)                    date: 2016-05-27 07:56:52
(epstopdf)                    size: 60835 bytes
(epstopdf)             Command: <epstopdf --outfile=./nhr-energy-eps-converted-
to.pdf Chapter7/Chapter7Figs/nhr-energy.eps>
(epstopdf)             \includegraphics on input line 84.
Package epstopdf Info: Output file is already uptodate.

<./nhr-energy-eps-converted-to.pdf, id=980, 421.575pt x 316.18124pt>
File: ./nhr-energy-eps-converted-to.pdf Graphic file (type pdf)

<use ./nhr-energy-eps-converted-to.pdf>
Package pdftex.def Info: ./nhr-energy-eps-converted-to.pdf used on input line 8
4.
(pdftex.def)             Requested size: 176.40776pt x 132.30794pt.
 [39 <./energy-eps-converted-to.pdf>]
Package epstopdf Info: Source file: <Chapter7/Chapter7Figs/path.eps>
(epstopdf)                    date: 2016-05-27 03:36:40
(epstopdf)                    size: 9224 bytes
(epstopdf)             Output file: <./path-eps-converted-to.pdf>
(epstopdf)                    date: 2016-05-27 05:30:20
(epstopdf)                    size: 7427 bytes
(epstopdf)             Command: <epstopdf --outfile=./path-eps-converted-to.pdf
 Chapter7/Chapter7Figs/path.eps>
(epstopdf)             \includegraphics on input line 97.
Package epstopdf Info: Output file is already uptodate.

<./path-eps-converted-to.pdf, id=994, 376.40625pt x 376.40625pt>
File: ./path-eps-converted-to.pdf Graphic file (type pdf)

<use ./path-eps-converted-to.pdf>
Package pdftex.def Info: ./path-eps-converted-to.pdf used on input line 97.
(pdftex.def)             Requested size: 264.61333pt x 264.63127pt.


Package hyperref Warning: Token not allowed in a PDF string (PDFDocEncoding):
(hyperref)                removing `math shift' on input line 105.


Package hyperref Warning: Token not allowed in a PDF string (PDFDocEncoding):
(hyperref)                removing `\delta' on input line 105.


Package hyperref Warning: Token not allowed in a PDF string (PDFDocEncoding):
(hyperref)                removing `math shift' on input line 105.

[40 <./dev-eps-converted-to.pdf>]
Package epstopdf Info: Source file: <Chapter7/Chapter7Figs/nhr-energy-plot.eps>

(epstopdf)                    date: 2016-05-27 02:51:32
(epstopdf)                    size: 39707 bytes
(epstopdf)             Output file: <./nhr-energy-plot-eps-converted-to.pdf>
(epstopdf)                    date: 2016-05-27 05:30:20
(epstopdf)                    size: 16818 bytes
(epstopdf)             Command: <epstopdf --outfile=./nhr-energy-plot-eps-conve
rted-to.pdf Chapter7/Chapter7Figs/nhr-energy-plot.eps>
(epstopdf)             \includegraphics on input line 112.
Package epstopdf Info: Output file is already uptodate.

<./nhr-energy-plot-eps-converted-to.pdf, id=1004, 217.81375pt x 226.8475pt>
File: ./nhr-energy-plot-eps-converted-to.pdf Graphic file (type pdf)

<use ./nhr-energy-plot-eps-converted-to.pdf>
Package pdftex.def Info: ./nhr-energy-plot-eps-converted-to.pdf used on input l
ine 112.
(pdftex.def)             Requested size: 176.40776pt x 183.72469pt.
Package epstopdf Info: Source file: <Chapter7/Chapter7Figs/nhr-dev-plot.eps>
(epstopdf)                    date: 2016-05-27 03:04:56
(epstopdf)                    size: 50098 bytes
(epstopdf)             Output file: <./nhr-dev-plot-eps-converted-to.pdf>
(epstopdf)                    date: 2016-05-27 05:30:20
(epstopdf)                    size: 20547 bytes
(epstopdf)             Command: <epstopdf --outfile=./nhr-dev-plot-eps-converte
d-to.pdf Chapter7/Chapter7Figs/nhr-dev-plot.eps>
(epstopdf)             \includegraphics on input line 117.
Package epstopdf Info: Output file is already uptodate.

<./nhr-dev-plot-eps-converted-to.pdf, id=1005, 217.81375pt x 236.885pt>
File: ./nhr-dev-plot-eps-converted-to.pdf Graphic file (type pdf)

<use ./nhr-dev-plot-eps-converted-to.pdf>
Package pdftex.def Info: ./nhr-dev-plot-eps-converted-to.pdf used on input line
 117.
(pdftex.def)             Requested size: 176.40776pt x 191.8541pt.
Package epstopdf Info: Source file: <Chapter7/Chapter7Figs/nhr-path-plot.eps>
(epstopdf)                    date: 2016-05-27 02:53:24
(epstopdf)                    size: 37972 bytes
(epstopdf)             Output file: <./nhr-path-plot-eps-converted-to.pdf>
(epstopdf)                    date: 2016-05-27 05:30:22
(epstopdf)                    size: 15979 bytes
(epstopdf)             Command: <epstopdf --outfile=./nhr-path-plot-eps-convert
ed-to.pdf Chapter7/Chapter7Figs/nhr-path-plot.eps>
(epstopdf)             \includegraphics on input line 122.
Package epstopdf Info: Output file is already uptodate.

<./nhr-path-plot-eps-converted-to.pdf, id=1006, 217.81375pt x 232.87pt>
File: ./nhr-path-plot-eps-converted-to.pdf Graphic file (type pdf)

<use ./nhr-path-plot-eps-converted-to.pdf>
Package pdftex.def Info: ./nhr-path-plot-eps-converted-to.pdf used on input lin
e 122.
(pdftex.def)             Requested size: 176.40776pt x 188.60233pt.
 [41 <./gpsr-energy-eps-converted-to.pdf> <./boundhole-energy-eps-converted-to.
pdf> <./nhr-energy-eps-converted-to.pdf> <./path-eps-converted-to.pdf>]) [42 <.
/nhr-energy-plot-eps-converted-to.pdf> <./nhr-dev-plot-eps-converted-to.pdf> <.
/nhr-path-plot-eps-converted-to.pdf>] (Chapter8/chapter8.tex
Chapter 7.
) [43



] (thesis.bbl (thesis.brf)
\tf@brf=\write8

Overfull \hbox (15.68561pt too wide) in paragraph at lines 5--5
[]\T5/cmr/m/n/12 https://www.eol.ucar.edu/isf/facilities/isa/internal/crossbow/
datasheets/mica2.pdf.
 []

[44




])
Package atveryend Info: Empty hook `BeforeClearDocument' on input line 85.
 [45]
Package atveryend Info: Empty hook `AfterLastShipout' on input line 85.
 (thesis.aux (Acknowledgement/acknowledgement.aux)
(Phieubangiao/Phieubangiao.aux) (Abstract/abstract.aux)
(AbstractEng/abstract.aux) (Chapter1/chapter1.aux) (Chapter2/chapter2.aux)
(Chapter3/chapter3.aux) (Chapter4/chapter4.aux) (Chapter5/chapter5.aux)
(Chapter6/chapter6.aux) (Chapter7/chapter7.aux) (Chapter8/chapter8.aux))
Package atveryend Info: Executing hook `AtVeryEndDocument' on input line 85.
Package atveryend Info: Executing hook `AtEndAfterFileList' on input line 85.
Package rerunfilecheck Info: File `thesis.out' has not changed.
(rerunfilecheck)             Checksum: 3A52F1EFC1EA9820CA6B65D2D1474867;3472.
Package rerunfilecheck Info: File `thesis.brf' has not changed.
(rerunfilecheck)             Checksum: A5B89E4EF7E81D7507BDC231A2F9CD01;2107.
 )
(\end occurred inside a group at level 1)

### simple group (level 1) entered at line 1061 ({)
### bottom level 
Here is how much of TeX's memory you used:
 14959 strings out of 493673
 219006 string characters out of 3143936
 506892 words of memory out of 3000000
 17595 multiletter control sequences out of 15000+200000
 39495 words of font info for 91 fonts, out of 3000000 for 9000
 1025 hyphenation exceptions out of 8191
 49i,20n,53p,1742b,4879s stack positions out of 5000i,500n,10000p,200000b,50000s
<C:/Program Files/MiKTeX 2.9/fonts/type1/public/amsfonts/cm/cme
x10.pfb><C:/Program Files/MiKTeX 2.9/fonts/type1/public/amsfonts/cmextra/cmex8.
pfb><C:/Program Files/MiKTeX 2.9/fonts/type1/public/amsfonts/cm/cmmi10.pfb><C:/
Program Files/MiKTeX 2.9/fonts/type1/public/amsfonts/cm/cmmi12.pfb><C:/Program 
Files/MiKTeX 2.9/fonts/type1/public/amsfonts/cm/cmmi5.pfb><C:/Program Files/MiK
TeX 2.9/fonts/type1/public/amsfonts/cm/cmmi6.pfb><C:/Program Files/MiKTeX 2.9/f
onts/type1/public/amsfonts/cm/cmmi7.pfb><C:/Program Files/MiKTeX 2.9/fonts/type
1/public/amsfonts/cm/cmmi8.pfb><C:/Program Files/MiKTeX 2.9/fonts/type1/public/
amsfonts/cm/cmr10.pfb><C:/Program Files/MiKTeX 2.9/fonts/type1/public/amsfonts/
cm/cmr12.pfb><C:/Program Files/MiKTeX 2.9/fonts/type1/public/amsfonts/cm/cmr5.p
fb><C:/Program Files/MiKTeX 2.9/fonts/type1/public/amsfonts/cm/cmr6.pfb><C:/Pro
gram Files/MiKTeX 2.9/fonts/type1/public/amsfonts/cm/cmr7.pfb><C:/Program Files
/MiKTeX 2.9/fonts/type1/public/amsfonts/cm/cmr8.pfb><C:/Program Files/MiKTeX 2.
9/fonts/type1/public/amsfonts/cm/cmsy10.pfb><C:/Program Files/MiKTeX 2.9/fonts/
type1/public/amsfonts/cm/cmsy6.pfb><C:/Program Files/MiKTeX 2.9/fonts/type1/pub
lic/amsfonts/cm/cmsy7.pfb><C:/Program Files/MiKTeX 2.9/fonts/type1/public/amsfo
nts/cm/cmsy8.pfb><C:/Program Files/MiKTeX 2.9/fonts/type1/public/amsfonts/symbo
ls/msam10.pfb><C:/Program Files/MiKTeX 2.9/fonts/type1/public/amsfonts/symbols/
msbm10.pfb><C:/Program Files/MiKTeX 2.9/fonts/type1/vntex/vnr/vnbx10.pfb><C:/Pr
ogram Files/MiKTeX 2.9/fonts/type1/vntex/vnr/vnbx12.pfb><C:/Program Files/MiKTe
X 2.9/fonts/type1/vntex/vnr/vnbxti10.pfb><C:/Program Files/MiKTeX 2.9/fonts/typ
e1/vntex/vnr/vncsc10.pfb><C:/Program Files/MiKTeX 2.9/fonts/type1/vntex/vnr/vni
tt10.pfb><C:/Program Files/MiKTeX 2.9/fonts/type1/vntex/vnr/vnr10.pfb><C:/Progr
am Files/MiKTeX 2.9/fonts/type1/vntex/vnr/vnr12.pfb><C:/Program Files/MiKTeX 2.
9/fonts/type1/vntex/vnr/vnr7.pfb><C:/Program Files/MiKTeX 2.9/fonts/type1/vntex
/vnr/vnr8.pfb><C:/Program Files/MiKTeX 2.9/fonts/type1/vntex/vnr/vnti10.pfb><C:
/Program Files/MiKTeX 2.9/fonts/type1/vntex/vnr/vnti12.pfb><C:/Program Files/Mi
KTeX 2.9/fonts/type1/vntex/vnr/vntt10.pfb>
Output written on thesis.pdf (55 pages, 3268586 bytes).
PDF statistics:
 1259 PDF objects out of 1440 (max. 8388607)
 305 named destinations out of 1000 (max. 500000)
 529 words of extra memory for PDF output out of 10000 (max. 10000000)

