\BOOKMARK [0][]{chapter*.1}{Contents}{}% 1
\BOOKMARK [0][]{chapter*.2}{List of Figures}{}% 2
\BOOKMARK [0][]{chapter.1}{1 Introduction}{}% 3
\BOOKMARK [1][]{section.1.1}{1.1 Overview}{chapter.1}% 4
\BOOKMARK [2][]{subsection.1.1.1}{1.1.1 Wireless Sensor Network Overview}{section.1.1}% 5
\BOOKMARK [2][]{subsection.1.1.2}{1.1.2 Geographical routing in Wireless Sensor Network}{section.1.1}% 6
\BOOKMARK [1][]{section.1.2}{1.2 Thesis statement}{chapter.1}% 7
\BOOKMARK [2][]{subsection.1.2.1}{1.2.1 Thesis statement}{section.1.2}% 8
\BOOKMARK [2][]{subsection.1.2.2}{1.2.2 Objectives}{section.1.2}% 9
\BOOKMARK [2][]{subsection.1.2.3}{1.2.3 Results and Contributions}{section.1.2}% 10
\BOOKMARK [0][]{chapter.2}{2 Routing protocols in Wireless Sensor Network with Holes}{}% 11
\BOOKMARK [1][]{section.2.1}{2.1 The TENT rule and BOUNDHOLE algorithm}{chapter.2}% 12
\BOOKMARK [2][]{subsection.2.1.1}{2.1.1 The TENT rule}{section.2.1}% 13
\BOOKMARK [2][]{subsection.2.1.2}{2.1.2 The BOUNDHOLE algorithm}{section.2.1}% 14
\BOOKMARK [1][]{section.2.2}{2.2 Hole bypassing protocols}{chapter.2}% 15
\BOOKMARK [2][]{subsection.2.2.1}{2.2.1 The Efficient Hole Detour Scheme}{section.2.2}% 16
\BOOKMARK [2][]{subsection.2.2.2}{2.2.2 The Energy Efficient and Load Balanced Distributed Routing Scheme}{section.2.2}% 17
\BOOKMARK [2][]{subsection.2.2.3}{2.2.3 The Load Balanced Routing with Constant Stretch Scheme}{section.2.2}% 18
\BOOKMARK [0][]{chapter.3}{3 Near hole routing protocol}{}% 19
\BOOKMARK [1][]{section.3.1}{3.1 Proposed Scheme}{chapter.3}% 20
\BOOKMARK [2][]{subsection.3.1.1}{3.1.1 Assumptions and definitions}{section.3.1}% 21
\BOOKMARK [2][]{subsection.3.1.2}{3.1.2 Overview}{section.3.1}% 22
\BOOKMARK [2][]{subsection.3.1.3}{3.1.3 Hole Boundary Detection}{section.3.1}% 23
\BOOKMARK [2][]{subsection.3.1.4}{3.1.4 Hole Information Dissemination}{section.3.1}% 24
\BOOKMARK [2][]{subsection.3.1.5}{3.1.5 Internal Graph Construction}{section.3.1}% 25
\BOOKMARK [2][]{subsection.3.1.6}{3.1.6 Data Forwarding}{section.3.1}% 26
\BOOKMARK [1][]{section.3.2}{3.2 Theoretical Analysis}{chapter.3}% 27
\BOOKMARK [2][]{subsection.3.2.1}{3.2.1 Impact of parameter \040over the protocol}{section.3.2}% 28
\BOOKMARK [0][]{chapter.4}{4 The WisSim toolkit}{}% 29
\BOOKMARK [1][]{section.4.1}{4.1 ns-2 simulator overview}{chapter.4}% 30
\BOOKMARK [1][]{section.4.2}{4.2 WisSim Client}{chapter.4}% 31
\BOOKMARK [2][]{subsection.4.2.1}{4.2.1 Functional requirements}{section.4.2}% 32
\BOOKMARK [2][]{subsection.4.2.2}{4.2.2 Class design}{section.4.2}% 33
\BOOKMARK [2][]{subsection.4.2.3}{4.2.3 Screen design}{section.4.2}% 34
\BOOKMARK [0][]{chapter.5}{5 Protocol implementation}{}% 35
\BOOKMARK [1][]{section.5.1}{5.1 Implementation details}{chapter.5}% 36
\BOOKMARK [1][]{section.5.2}{5.2 Source code listing}{chapter.5}% 37
\BOOKMARK [0][]{chapter.6}{6 Evaluation}{}% 38
\BOOKMARK [1][]{section.6.1}{6.1 Average energy consumption}{chapter.6}% 39
\BOOKMARK [1][]{section.6.2}{6.2 Deviation of energy consumption}{chapter.6}% 40
\BOOKMARK [1][]{section.6.3}{6.3 Energy consumption of individual sensor nodes}{chapter.6}% 41
\BOOKMARK [1][]{section.6.4}{6.4 Average path length}{chapter.6}% 42
\BOOKMARK [1][]{section.6.5}{6.5 Routing path stretch}{chapter.6}% 43
\BOOKMARK [1][]{section.6.6}{6.6 Impact of \040on protocol}{chapter.6}% 44
\BOOKMARK [0][]{chapter.7}{7 Conclusion}{}% 45
\BOOKMARK [0][]{appendix*.48}{References}{}% 46
